<?xml version="1.0" encoding="UTF-8"?>
<testng-results skipped="0" failed="0" total="1" passed="1">
  <reporter-output>
  </reporter-output>
  <suite name="Default suite" duration-ms="6268" started-at="2019-07-15T07:01:32Z" finished-at="2019-07-15T07:01:38Z">
    <groups>
    </groups>
    <test name="Default test" duration-ms="6268" started-at="2019-07-15T07:01:32Z" finished-at="2019-07-15T07:01:38Z">
      <class name="Tests.Test1">
        <test-method status="PASS" signature="launchApp()[pri:0, instance:Tests.Test1@2cfb4a64]" name="launchApp" duration-ms="6242" started-at="2019-07-15T02:01:32Z" finished-at="2019-07-15T02:01:38Z">
          <reporter-output>
          </reporter-output>
        </test-method> <!-- launchApp -->
      </class> <!-- Tests.Test1 -->
    </test> <!-- Default test -->
  </suite> <!-- Default suite -->
</testng-results>
